<?xml version="1.0" encoding="UTF-8"?>
<!-- Generated by org.testng.reporters.JUnitReportReporter -->
<testsuite hostname="DESKTOP-5MT0JHH" failures="0" tests="1" name="regression.Login" time="8.368" errors="0" timestamp="2024-05-03T21:46:50 IST" skipped="0">
  <testcase classname="regression.Login" name="firstTest" time="8.368"/>
  <system-out/>
</testsuite> <!-- regression.Login -->
